<?xml version="1.0" encoding="UTF-8"?>
<testng-results ignored="0" total="1" passed="1" failed="0" skipped="0">
  <reporter-output>
  </reporter-output>
  <suite started-at="2026-09-07T00:29:44 IST" name="Default suite" finished-at="2026-09-07T00:30:17 IST" duration-ms="33558">
    <groups>
    </groups>
    <test started-at="2026-09-07T00:29:44 IST" name="Default test" finished-at="2026-09-07T00:30:17 IST" duration-ms="33558">
      <class name="com.fieldforce.AddCustomerTest">
        <test-method is-config="true" signature="setUp()[pri:0, instance:com.fieldforce.AddCustomerTest@49139829]" started-at="2026-09-07T00:29:44 IST" name="setUp" finished-at="2026-09-07T00:29:46 IST" duration-ms="2059" status="PASS">
          <reporter-output>
          </reporter-output>
        </test-method> <!-- setUp -->
        <test-method signature="testAddCustomer(java.lang.String,java.lang.String,java.lang.String,java.lang.String,java.lang.String,java.lang.String,java.lang.String,java.lang.String,java.lang.String)[pri:0, instance:com.fieldforce.AddCustomerTest@49139829]" started-at="2026-09-07T00:29:46 IST" name="testAddCustomer" data-provider="customerDataProvider" finished-at="2026-09-07T00:30:10 IST" duration-ms="24179" status="PASS">
          <params>
            <param index="0">
              <value>
                <![CDATA[Kenavita Reddy]]>
              </value>
            </param>
            <param index="1">
              <value>
                <![CDATA[kaena.Reddy@gmail.com]]>
              </value>
            </param>
            <param index="2">
              <value>
                <![CDATA[9876543210]]>
              </value>
            </param>
            <param index="3">
              <value>
                <![CDATA[REF-101]]>
              </value>
            </param>
            <param index="4">
              <value>
                <![CDATA[Kavya Patil]]>
              </value>
            </param>
            <param index="5">
              <value>
                <![CDATA[Manager]]>
              </value>
            </param>
            <param index="6">
              <value>
                <![CDATA[Direct]]>
              </value>
            </param>
            <param index="7">
              <value>
                <![CDATA[0221234567]]>
              </value>
            </param>
            <param index="8">
              <value>
                <![CDATA[Mumbai]]>
              </value>
            </param>
          </params>
          <reporter-output>
          </reporter-output>
        </test-method> <!-- testAddCustomer -->
        <test-method is-config="true" signature="tearDown()[pri:0, instance:com.fieldforce.AddCustomerTest@49139829]" started-at="2026-09-07T00:30:10 IST" name="tearDown" finished-at="2026-09-07T00:30:17 IST" duration-ms="7266" status="PASS">
          <reporter-output>
          </reporter-output>
        </test-method> <!-- tearDown -->
      </class> <!-- com.fieldforce.AddCustomerTest -->
    </test> <!-- Default test -->
  </suite> <!-- Default suite -->
</testng-results>
